2024-07-01 16:15:26 [frontend] info: [useEffect] Loaded insert.html at 2024-07-01T07:15:26.433Z
2024-07-01 16:15:26 [frontend] info: [useEffect] Loaded insert.html at 2024-07-01T07:15:26.451Z
2024-07-01 16:15:30 [backend] info: [insertApi] Received POST request on /api/insert at 2024-07-01T07:15:30.700Z
2024-07-01 16:15:30 [backend] info: [insertApi] Request body: {"message":"rrwr","userId":"vcvx"}
2024-07-01 16:15:30 [backend] info: [insertApi] Message inserted with ID: 14 at 2024-07-01T07:15:30.831Z
2024-07-01 16:15:30 [frontend] info: [handleSubmit] Submitted message: rrwr by user: vcvx at 2024-07-01T07:15:30.846Z
2024-07-01 16:15:30 [frontend] info: [useEffect-response] Updated response at 2024-07-01T07:15:30.847Z
2024-07-01 16:58:25 [frontend] info: [useEffect] Loaded insert.html at 2024-07-01T07:58:25.360Z
2024-07-01 16:58:25 [frontend] info: [useEffect] Loaded insert.html at 2024-07-01T07:58:25.389Z
2024-07-01 17:02:01 [frontend] info: [useEffect] Loaded insert.html at 2024-07-01T08:02:01.232Z
2024-07-01 17:02:01 [frontend] info: [useEffect] Loaded insert.html at 2024-07-01T08:02:01.252Z
2024-07-01 17:11:09 [frontend] info: [useEffect] Loaded insert.html at 2024-07-01T08:11:09.283Z
2024-07-01 17:11:09 [frontend] info: [useEffect] Loaded insert.html at 2024-07-01T08:11:09.287Z
2024-07-01 17:11:10 [frontend] info: [useEffect] Loaded insert.html at 2024-07-01T08:11:10.731Z
2024-07-01 17:11:10 [frontend] info: [useEffect] Loaded insert.html at 2024-07-01T08:11:10.732Z
2024-07-01 17:11:13 [backend] info: [insertApi] Received POST request on /api/insert at 2024-07-01T08:11:13.725Z
2024-07-01 17:11:13 [backend] info: [insertApi] Request body: {"message":"dsa","userId":"32"}
2024-07-01 17:11:13 [backend] info: [insertApi] Message inserted with ID: 15 at 2024-07-01T08:11:13.856Z
2024-07-01 17:11:13 [frontend] info: [handleSubmit] Submitted message: dsa by user: 32 at 2024-07-01T08:11:13.858Z
2024-07-01 17:11:13 [frontend] info: [useEffect-response] Updated response at 2024-07-01T08:11:13.860Z
